        -:    0:Source:dominion.c
        -:    0:Graph:dominion.gcno
        -:    0:Data:dominion.gcda
        -:    0:Runs:8
        -:    0:Programs:8
        -:    1:#include "dominion.h"
        -:    2:#include "dominion_helpers.h"
        -:    3:#include "rngs.h"
        -:    4:#include <stdio.h>
        -:    5:#include <math.h>
        -:    6:#include <stdlib.h>
        -:    7:
  5100381:    8:int compare(const void* a, const void* b) {
  5100381:    9:  if (*(int*)a > *(int*)b)
   613924:   10:    return 1;
  4486457:   11:  if (*(int*)a < *(int*)b)
  1233044:   12:    return -1;
  3253413:   13:  return 0;
        -:   14:}
        -:   15:
    #####:   16:struct gameState* newGame() {
    #####:   17:  struct gameState* g = malloc(sizeof(struct gameState));
    #####:   18:  return g;
        -:   19:}
        -:   20:
    #####:   21:int* kingdomCards(int k1, int k2, int k3, int k4, int k5, int k6, int k7,
        -:   22:		  int k8, int k9, int k10) {
    #####:   23:  int* k = malloc(10 * sizeof(int));
    #####:   24:  k[0] = k1;
    #####:   25:  k[1] = k2;
    #####:   26:  k[2] = k3;
    #####:   27:  k[3] = k4;
    #####:   28:  k[4] = k5;
    #####:   29:  k[5] = k6;
    #####:   30:  k[6] = k7;
    #####:   31:  k[7] = k8;
    #####:   32:  k[8] = k9;
    #####:   33:  k[9] = k10;
    #####:   34:  return k;
        -:   35:}
        -:   36:
    80000:   37:int initializeGame(int numPlayers, int kingdomCards[10], int randomSeed,
        -:   38:		   struct gameState *state) {
        -:   39:
        -:   40:  int i;
        -:   41:  int j;
        -:   42:  int it;			
        -:   43:  //set up random number generator
    80000:   44:  SelectStream(1);
    80000:   45:  PutSeed((long)randomSeed);
        -:   46:  
        -:   47:  //check number of players
    80000:   48:  if (numPlayers > MAX_PLAYERS || numPlayers < 2)
        -:   49:    {
    #####:   50:      return -1;
        -:   51:    }
        -:   52:
        -:   53:  //set number of players
    80000:   54:  state->numPlayers = numPlayers;
        -:   55:
        -:   56:  //check selected kingdom cards are different
   880000:   57:  for (i = 0; i < 10; i++)
        -:   58:    {
  8800000:   59:      for (j = 0; j < 10; j++)
        -:   60:        {
  8000000:   61:	  if (j != i && kingdomCards[j] == kingdomCards[i])
        -:   62:	    {
    #####:   63:	      return -1;
        -:   64:	    }
        -:   65:        }
        -:   66:    }
        -:   67:
        -:   68:
        -:   69:  //initialize supply
        -:   70:  ///////////////////////////////
        -:   71:
        -:   72:  //set number of Curse cards
    80000:   73:  if (numPlayers == 2)
        -:   74:    {
    26591:   75:      state->supplyCount[curse] = 10;
        -:   76:    }
    53409:   77:  else if (numPlayers == 3)
        -:   78:    {
    26749:   79:      state->supplyCount[curse] = 20;
        -:   80:    }
        -:   81:  else
        -:   82:    {
    26660:   83:      state->supplyCount[curse] = 30;
        -:   84:    }
        -:   85:
        -:   86:  //set number of Victory cards
    80000:   87:  if (numPlayers == 2)
        -:   88:    {
    26591:   89:      state->supplyCount[estate] = 8;
    26591:   90:      state->supplyCount[duchy] = 8;
    26591:   91:      state->supplyCount[province] = 8;
        -:   92:    }
        -:   93:  else
        -:   94:    {
    53409:   95:      state->supplyCount[estate] = 12;
    53409:   96:      state->supplyCount[duchy] = 12;
    53409:   97:      state->supplyCount[province] = 12;
        -:   98:    }
        -:   99:
        -:  100:  //set number of Treasure cards
    80000:  101:  state->supplyCount[copper] = 60 - (7 * numPlayers);
    80000:  102:  state->supplyCount[silver] = 40;
    80000:  103:  state->supplyCount[gold] = 30;
        -:  104:
        -:  105:  //set number of Kingdom cards
  1680000:  106:  for (i = adventurer; i <= treasure_map; i++)       	//loop all cards
        -:  107:    {
 13200000:  108:      for (j = 0; j < 10; j++)           		//loop chosen cards
        -:  109:	{
 12400000:  110:	  if (kingdomCards[j] == i)
        -:  111:	    {
        -:  112:	      //check if card is a 'Victory' Kingdom card
   800000:  113:	      if (kingdomCards[j] == great_hall || kingdomCards[j] == gardens)
        -:  114:		{
    #####:  115:		  if (numPlayers == 2){ 
    #####:  116:		    state->supplyCount[i] = 8; 
        -:  117:		  }
    #####:  118:		  else{ state->supplyCount[i] = 12; }
        -:  119:		}
        -:  120:	      else
        -:  121:		{
   800000:  122:		  state->supplyCount[i] = 10;
        -:  123:		}
   800000:  124:	      break;
        -:  125:	    }
        -:  126:	  else    //card is not in the set choosen for the game
        -:  127:	    {
 11600000:  128:	      state->supplyCount[i] = -1;
        -:  129:	    }
        -:  130:	}
        -:  131:
        -:  132:    }
        -:  133:
        -:  134:  ////////////////////////
        -:  135:  //supply intilization complete
        -:  136:
        -:  137:  //set player decks
   320069:  138:  for (i = 0; i < numPlayers; i++)
        -:  139:    {
   240069:  140:      state->deckCount[i] = 0;
   960276:  141:      for (j = 0; j < 3; j++)
        -:  142:	{
   720207:  143:	  state->deck[i][j] = estate;
   720207:  144:	  state->deckCount[i]++;
        -:  145:	}
  1920552:  146:      for (j = 3; j < 10; j++)
        -:  147:	{
  1680483:  148:	  state->deck[i][j] = copper;
  1680483:  149:	  state->deckCount[i]++;		
        -:  150:	}
        -:  151:    }
        -:  152:
        -:  153:  //shuffle player decks
   320069:  154:  for (i = 0; i < numPlayers; i++)
        -:  155:    {
   240069:  156:      if ( shuffle(i, state) < 0 )
        -:  157:	{
    #####:  158:	  return -1;
        -:  159:	}
        -:  160:    }
        -:  161:
        -:  162:  //draw player hands
   320069:  163:  for (i = 0; i < numPlayers; i++)
        -:  164:    {  
        -:  165:      //initialize hand size to zero
   240069:  166:      state->handCount[i] = 0;
   240069:  167:      state->discardCount[i] = 0;
        -:  168:      //draw 5 cards
        -:  169:      // for (j = 0; j < 5; j++)
        -:  170:      //	{
        -:  171:      //	  drawCard(i, state);
        -:  172:      //	}
        -:  173:    }
        -:  174:  
        -:  175:  //set embargo tokens to 0 for all supply piles
  2240000:  176:  for (i = 0; i <= treasure_map; i++)
        -:  177:    {
  2160000:  178:      state->embargoTokens[i] = 0;
        -:  179:    }
        -:  180:
        -:  181:  //initialize first player's turn
    80000:  182:  state->outpostPlayed = 0;
    80000:  183:  state->phase = 0;
    80000:  184:  state->numActions = 1;
    80000:  185:  state->numBuys = 1;
    80000:  186:  state->playedCardCount = 0;
    80000:  187:  state->whoseTurn = 0;
    80000:  188:  state->handCount[state->whoseTurn] = 0;
        -:  189:  //int it; move to top
        -:  190:
        -:  191:  //Moved draw cards to here, only drawing at the start of a turn
   480000:  192:  for (it = 0; it < 5; it++){
   400000:  193:    drawCard(state->whoseTurn, state);
        -:  194:  }
        -:  195:
    80000:  196:  updateCoins(state->whoseTurn, state, 0);
        -:  197:
    80000:  198:  return 0;
        -:  199:}
        -:  200:
   241965:  201:int shuffle(int player, struct gameState *state) {
        -:  202: 
        -:  203:
        -:  204:  int newDeck[MAX_DECK];
   241965:  205:  int newDeckPos = 0;
        -:  206:  int card;
        -:  207:  int i;
        -:  208:
   241965:  209:  if (state->deckCount[player] < 1)
      917:  210:    return -1;
   241048:  211:  qsort ((void*)(state->deck[player]), state->deckCount[player], sizeof(int), compare); 
        -:  212:  /* SORT CARDS IN DECK TO ENSURE DETERMINISM! */
        -:  213:
  3126961:  214:  while (state->deckCount[player] > 0) {
  2644865:  215:    card = floor(Random() * state->deckCount[player]);
  2644865:  216:    newDeck[newDeckPos] = state->deck[player][card];
  2644865:  217:    newDeckPos++;
 28604720:  218:    for (i = card; i < state->deckCount[player]-1; i++) {
 25959855:  219:      state->deck[player][i] = state->deck[player][i+1];
        -:  220:    }
  2644865:  221:    state->deckCount[player]--;
        -:  222:  }
  2885913:  223:  for (i = 0; i < newDeckPos; i++) {
  2644865:  224:    state->deck[player][i] = newDeck[i];
  2644865:  225:    state->deckCount[player]++;
        -:  226:  }
        -:  227:
   241048:  228:  return 0;
        -:  229:}
        -:  230:
    #####:  231:int playCard(int handPos, int choice1, int choice2, int choice3, struct gameState *state) 
        -:  232:{	
        -:  233:  int card;
    #####:  234:  int coin_bonus = 0; 		//tracks coins gain from actions
        -:  235:
        -:  236:  //check if it is the right phase
    #####:  237:  if (state->phase != 0)
        -:  238:    {
    #####:  239:      return -1;
        -:  240:    }
        -:  241:	
        -:  242:  //check if player has enough actions
    #####:  243:  if ( state->numActions < 1 )
        -:  244:    {
    #####:  245:      return -1;
        -:  246:    }
        -:  247:	
        -:  248:  //get card played
    #####:  249:  card = handCard(handPos, state);
        -:  250:	
        -:  251:  //check if selected card is an action
    #####:  252:  if ( card < adventurer || card > treasure_map )
        -:  253:    {
    #####:  254:      return -1;
        -:  255:    }
        -:  256:	
        -:  257:  //play card
    #####:  258:  if ( cardEffect(card, choice1, choice2, choice3, state, handPos, &coin_bonus) < 0 )
        -:  259:    {
    #####:  260:      return -1;
        -:  261:    }
        -:  262:	
        -:  263:  //reduce number of actions
    #####:  264:  state->numActions--;
        -:  265:
        -:  266:  //update coins (Treasure cards may be added with card draws)
    #####:  267:  updateCoins(state->whoseTurn, state, coin_bonus);
        -:  268:	
    #####:  269:  return 0;
        -:  270:}
        -:  271:
    #####:  272:int buyCard(int supplyPos, struct gameState *state) {
        -:  273:  int who;
        -:  274:  if (DEBUG){
        -:  275:    printf("Entering buyCard...\n");
        -:  276:  }
        -:  277:
        -:  278:  // I don't know what to do about the phase thing.
        -:  279:
    #####:  280:  who = state->whoseTurn;
        -:  281:
    #####:  282:  if (state->numBuys < 1){
        -:  283:    if (DEBUG)
        -:  284:      printf("You do not have any buys left\n");
    #####:  285:    return -1;
    #####:  286:  } else if (supplyCount(supplyPos, state) <1){
        -:  287:    if (DEBUG)
        -:  288:      printf("There are not any of that type of card left\n");
    #####:  289:    return -1;
    #####:  290:  } else if (state->coins < getCost(supplyPos)){
        -:  291:    if (DEBUG) 
        -:  292:      printf("You do not have enough money to buy that. You have %d coins.\n", state->coins);
    #####:  293:    return -1;
        -:  294:  } else {
    #####:  295:    state->phase=1;
        -:  296:    //state->supplyCount[supplyPos]--;
    #####:  297:    gainCard(supplyPos, state, 0, who); //card goes in discard, this might be wrong.. (2 means goes into hand, 0 goes into discard)
        -:  298:  
    #####:  299:    state->coins = (state->coins) - (getCost(supplyPos));
    #####:  300:    state->numBuys--;
        -:  301:    if (DEBUG)
        -:  302:      printf("You bought card number %d for %d coins. You now have %d buys and %d coins.\n", supplyPos, getCost(supplyPos), state->numBuys, state->coins);
        -:  303:  }
        -:  304:
        -:  305:  //state->discard[who][state->discardCount[who]] = supplyPos;
        -:  306:  //state->discardCount[who]++;
        -:  307:    
    #####:  308:  return 0;
        -:  309:}
        -:  310:
    #####:  311:int numHandCards(struct gameState *state) {
    #####:  312:  return state->handCount[ whoseTurn(state) ];
        -:  313:}
        -:  314:
    #####:  315:int handCard(int handPos, struct gameState *state) {
    #####:  316:  int currentPlayer = whoseTurn(state);
    #####:  317:  return state->hand[currentPlayer][handPos];
        -:  318:}
        -:  319:
    #####:  320:int supplyCount(int card, struct gameState *state) {
    #####:  321:  return state->supplyCount[card];
        -:  322:}
        -:  323:
    #####:  324:int fullDeckCount(int player, int card, struct gameState *state) {
        -:  325:  int i;
    #####:  326:  int count = 0;
        -:  327:
    #####:  328:  for (i = 0; i < state->deckCount[player]; i++)
        -:  329:    {
    #####:  330:      if (state->deck[player][i] == card) count++;
        -:  331:    }
        -:  332:
    #####:  333:  for (i = 0; i < state->handCount[player]; i++)
        -:  334:    {
    #####:  335:      if (state->hand[player][i] == card) count++;
        -:  336:    }
        -:  337:
    #####:  338:  for (i = 0; i < state->discardCount[player]; i++)
        -:  339:    {
    #####:  340:      if (state->discard[player][i] == card) count++;
        -:  341:    }
        -:  342:
    #####:  343:  return count;
        -:  344:}
        -:  345:
   160000:  346:int whoseTurn(struct gameState *state) {
   160000:  347:  return state->whoseTurn;
        -:  348:}
        -:  349:
    #####:  350:int endTurn(struct gameState *state) {
        -:  351:  int k;
        -:  352:  int i;
    #####:  353:  int currentPlayer = whoseTurn(state);
        -:  354:  
        -:  355:  //Discard hand
    #####:  356:  for (i = 0; i < state->handCount[currentPlayer]; i++){
    #####:  357:    state->discard[currentPlayer][state->discardCount[currentPlayer]++] = state->hand[currentPlayer][i];//Discard
    #####:  358:    state->hand[currentPlayer][i] = -1;//Set card to -1
        -:  359:  }
    #####:  360:  state->handCount[currentPlayer] = 0;//Reset hand count
        -:  361:    
        -:  362:  //Code for determining the player
    #####:  363:  if (currentPlayer < (state->numPlayers - 1)){ 
    #####:  364:    state->whoseTurn = currentPlayer + 1;//Still safe to increment
        -:  365:  }
        -:  366:  else{
    #####:  367:    state->whoseTurn = 0;//Max player has been reached, loop back around to player 1
        -:  368:  }
        -:  369:
    #####:  370:  state->outpostPlayed = 0;
    #####:  371:  state->phase = 0;
    #####:  372:  state->numActions = 1;
    #####:  373:  state->coins = 0;
    #####:  374:  state->numBuys = 1;
    #####:  375:  state->playedCardCount = 0;
    #####:  376:  state->handCount[state->whoseTurn] = 0;
        -:  377:
        -:  378:  //int k; move to top
        -:  379:  //Next player draws hand
    #####:  380:  for (k = 0; k < 5; k++){
    #####:  381:    drawCard(state->whoseTurn, state);//Draw a card
        -:  382:  }
        -:  383:
        -:  384:  //Update money
    #####:  385:  updateCoins(state->whoseTurn, state , 0);
        -:  386:
    #####:  387:  return 0;
        -:  388:}
        -:  389:
    #####:  390:int isGameOver(struct gameState *state) {
        -:  391:  int i;
        -:  392:  int j;
        -:  393:	
        -:  394:  //if stack of Province cards is empty, the game ends
    #####:  395:  if (state->supplyCount[province] == 0)
        -:  396:    {
    #####:  397:      return 1;
        -:  398:    }
        -:  399:
        -:  400:  //if three supply pile are at 0, the game ends
    #####:  401:  j = 0;
    #####:  402:  for (i = 0; i < 25; i++)
        -:  403:    {
    #####:  404:      if (state->supplyCount[i] == 0)
        -:  405:	{
    #####:  406:	  j++;
        -:  407:	}
        -:  408:    }
    #####:  409:  if ( j >= 3)
        -:  410:    {
    #####:  411:      return 1;
        -:  412:    }
        -:  413:
    #####:  414:  return 0;
        -:  415:}
        -:  416:
    #####:  417:int scoreFor (int player, struct gameState *state) {
        -:  418:
        -:  419:  int i;
    #####:  420:  int score = 0;
        -:  421:  //score from hand
    #####:  422:  for (i = 0; i < state->handCount[player]; i++)
        -:  423:    {
    #####:  424:      if (state->hand[player][i] == curse) { score = score - 1; };
    #####:  425:      if (state->hand[player][i] == estate) { score = score + 1; };
    #####:  426:      if (state->hand[player][i] == duchy) { score = score + 3; };
    #####:  427:      if (state->hand[player][i] == province) { score = score + 6; };
    #####:  428:      if (state->hand[player][i] == great_hall) { score = score + 1; };
    #####:  429:      if (state->hand[player][i] == gardens) { score = score + ( fullDeckCount(player, 0, state) / 10 ); };
        -:  430:    }
        -:  431:
        -:  432:  //score from discard
    #####:  433:  for (i = 0; i < state->discardCount[player]; i++)
        -:  434:    {
    #####:  435:      if (state->discard[player][i] == curse) { score = score - 1; };
    #####:  436:      if (state->discard[player][i] == estate) { score = score + 1; };
    #####:  437:      if (state->discard[player][i] == duchy) { score = score + 3; };
    #####:  438:      if (state->discard[player][i] == province) { score = score + 6; };
    #####:  439:      if (state->discard[player][i] == great_hall) { score = score + 1; };
    #####:  440:      if (state->discard[player][i] == gardens) { score = score + ( fullDeckCount(player, 0, state) / 10 ); };
        -:  441:    }
        -:  442:
        -:  443:  //score from deck
    #####:  444:  for (i = 0; i < state->discardCount[player]; i++)
        -:  445:    {
    #####:  446:      if (state->deck[player][i] == curse) { score = score - 1; };
    #####:  447:      if (state->deck[player][i] == estate) { score = score + 1; };
    #####:  448:      if (state->deck[player][i] == duchy) { score = score + 3; };
    #####:  449:      if (state->deck[player][i] == province) { score = score + 6; };
    #####:  450:      if (state->deck[player][i] == great_hall) { score = score + 1; };
    #####:  451:      if (state->deck[player][i] == gardens) { score = score + ( fullDeckCount(player, 0, state) / 10 ); };
        -:  452:    }
        -:  453:
    #####:  454:  return score;
        -:  455:}
        -:  456:
    #####:  457:int getWinners(int players[MAX_PLAYERS], struct gameState *state) {
        -:  458:  int i;	
        -:  459:  int j;
        -:  460:  int highScore;
        -:  461:  int currentPlayer;
        -:  462:
        -:  463:  //get score for each player
    #####:  464:  for (i = 0; i < MAX_PLAYERS; i++)
        -:  465:    {
        -:  466:      //set unused player scores to -9999
    #####:  467:      if (i >= state->numPlayers)
        -:  468:	{
    #####:  469:	  players[i] = -9999;
        -:  470:	}
        -:  471:      else
        -:  472:	{
    #####:  473:	  players[i] = scoreFor (i, state);
        -:  474:	}
        -:  475:    }
        -:  476:
        -:  477:  //find highest score
    #####:  478:  j = 0;
    #####:  479:  for (i = 0; i < MAX_PLAYERS; i++)
        -:  480:    {
    #####:  481:      if (players[i] > players[j])
        -:  482:	{
    #####:  483:	  j = i;
        -:  484:	}
        -:  485:    }
    #####:  486:  highScore = players[j];
        -:  487:
        -:  488:  //add 1 to players who had less turns
    #####:  489:  currentPlayer = whoseTurn(state);
    #####:  490:  for (i = 0; i < MAX_PLAYERS; i++)
        -:  491:    {
    #####:  492:      if ( players[i] == highScore && i > currentPlayer )
        -:  493:	{
    #####:  494:	  players[i]++;
        -:  495:	}
        -:  496:    }
        -:  497:
        -:  498:  //find new highest score
    #####:  499:  j = 0;
    #####:  500:  for (i = 0; i < MAX_PLAYERS; i++)
        -:  501:    {
    #####:  502:      if ( players[i] > players[j] )
        -:  503:	{
    #####:  504:	  j = i;
        -:  505:	}
        -:  506:    }
    #####:  507:  highScore = players[j];
        -:  508:
        -:  509:  //set winners in array to 1 and rest to 0
    #####:  510:  for (i = 0; i < MAX_PLAYERS; i++)
        -:  511:    {
    #####:  512:      if ( players[i] == highScore )
        -:  513:	{
    #####:  514:	  players[i] = 1;
        -:  515:	}
        -:  516:      else
        -:  517:	{
    #####:  518:	  players[i] = 0;
        -:  519:	}
        -:  520:    }
        -:  521:
    #####:  522:  return 0;
        -:  523:}
        -:  524:
   864475:  525:int drawCard(int player, struct gameState *state)
        -:  526:{	int count;
        -:  527:  int deckCounter;
   864475:  528:  if (state->deckCount[player] <= 0){//Deck is empty
        -:  529:    
        -:  530:    //Step 1 Shuffle the discard pile back into a deck
        -:  531:    int i;
        -:  532:    //Move discard to deck
   245263:  533:    for (i = 0; i < state->discardCount[player];i++){
   244175:  534:      state->deck[player][i] = state->discard[player][i];
   244175:  535:      state->discard[player][i] = -1;
        -:  536:    }
        -:  537:
     1088:  538:    state->deckCount[player] = state->discardCount[player];
     1088:  539:    state->discardCount[player] = 0;//Reset discard
        -:  540:
        -:  541:    //Shufffle the deck
     1088:  542:    shuffle(player, state);//Shuffle the deck up and make it so that we can draw
        -:  543:   
        -:  544:    if (DEBUG){//Debug statements
        -:  545:      printf("Deck count now: %d\n", state->deckCount[player]);
        -:  546:    }
        -:  547:    
     1088:  548:    state->discardCount[player] = 0;
        -:  549:
        -:  550:    //Step 2 Draw Card
     1088:  551:    count = state->handCount[player];//Get current player's hand count
        -:  552:    
        -:  553:    if (DEBUG){//Debug statements
        -:  554:      printf("Current hand count: %d\n", count);
        -:  555:    }
        -:  556:    
     1088:  557:    deckCounter = state->deckCount[player];//Create a holder for the deck count
        -:  558:
     1088:  559:    if (deckCounter == 0)
      109:  560:      return -1;
        -:  561:
      979:  562:    state->hand[player][count] = state->deck[player][deckCounter - 1];//Add card to hand
      979:  563:    state->deckCount[player]--;
      979:  564:    state->handCount[player]++;//Increment hand count
        -:  565:  }
        -:  566:
        -:  567:  else{
   863387:  568:    int count = state->handCount[player];//Get current hand count for player
        -:  569:    int deckCounter;
        -:  570:    if (DEBUG){//Debug statements
        -:  571:      printf("Current hand count: %d\n", count);
        -:  572:    }
        -:  573:
   863387:  574:    deckCounter = state->deckCount[player];//Create holder for the deck count
   863387:  575:    state->hand[player][count] = state->deck[player][deckCounter - 1];//Add card to the hand
   863387:  576:    state->deckCount[player]--;
   863387:  577:    state->handCount[player]++;//Increment hand count
        -:  578:  }
        -:  579:
   864366:  580:  return 0;
        -:  581:}
        -:  582:
    #####:  583:int getCost(int cardNumber)
        -:  584:{
    #####:  585:  switch( cardNumber ) 
        -:  586:    {
        -:  587:    case curse:
    #####:  588:      return 0;
        -:  589:    case estate:
    #####:  590:      return 2;
        -:  591:    case duchy:
    #####:  592:      return 5;
        -:  593:    case province:
    #####:  594:      return 8;
        -:  595:    case copper:
    #####:  596:      return 0;
        -:  597:    case silver:
    #####:  598:      return 3;
        -:  599:    case gold:
    #####:  600:      return 6;
        -:  601:    case adventurer:
    #####:  602:      return 5;
        -:  603:    case council_room:
    #####:  604:      return 5;
        -:  605:    case feast:
    #####:  606:      return 4;
        -:  607:    case gardens:
    #####:  608:      return 4;
        -:  609:    case mine:
    #####:  610:      return 5;
        -:  611:    case remodel:
    #####:  612:      return 4;
        -:  613:    case smithy:
    #####:  614:      return 4;
        -:  615:    case village:
    #####:  616:      return 3;
        -:  617:    case baron:
    #####:  618:      return 4;
        -:  619:    case great_hall:
    #####:  620:      return 3;
        -:  621:    case minion:
    #####:  622:      return 5;
        -:  623:    case steward:
    #####:  624:      return 3;
        -:  625:    case tribute:
    #####:  626:      return 5;
        -:  627:    case ambassador:
    #####:  628:      return 3;
        -:  629:    case cutpurse:
    #####:  630:      return 4;
        -:  631:    case embargo: 
    #####:  632:      return 2;
        -:  633:    case outpost:
    #####:  634:      return 5;
        -:  635:    case salvager:
    #####:  636:      return 4;
        -:  637:    case sea_hag:
    #####:  638:      return 4;
        -:  639:    case treasure_map:
    #####:  640:      return 4;
        -:  641:    }
        -:  642:	
    #####:  643:  return -1;
        -:  644:}
        -:  645:
    20000:  646:void playAdventurer(struct gameState *state)
        -:  647:{
    20000:  648:int z = 0;
    20000:  649:int drawntreasure = 0;
        -:  650:int cardDrawn;
        -:  651:int temphand[MAX_HAND];
    20000:  652:int currentPlayer = whoseTurn(state);
   384475:  653:while(drawntreasure<2){
   344475:  654:        if (state->deckCount[currentPlayer] <1){//if the deck is empty we need to shuffle discard and add to deck
      808:  655:          shuffle(currentPlayer, state);
        -:  656:        }
   344475:  657:        drawCard(currentPlayer, state);
   344475:  658:        cardDrawn = state->hand[currentPlayer][state->handCount[currentPlayer]-1];//top card of hand is most recently drawn card.
   344475:  659:        if (cardDrawn == copper || cardDrawn == silver || cardDrawn == gold)
    40000:  660:          drawntreasure++;
        -:  661:        else{
   304475:  662:          temphand[z]=cardDrawn;
   304475:  663:          state->handCount[currentPlayer]--; //this should just remove the top card (the most recently drawn one).
   304475:  664:          z++;
        -:  665:        }
        -:  666:      }
   344475:  667:      while(z-1>=0){
   304475:  668:        state->discard[currentPlayer][state->discardCount[currentPlayer]++]=temphand[z-1]; // discard all cards in play that have been drawn
   304475:  669:        z=z-1;
        -:  670:      }
    20000:  671:state->numActions--;
    20000:  672:}
        -:  673:
    30000:  674:void playSmithy(struct gameState *state, int handPos)
        -:  675:{
    30000:  676:int currentPlayer = whoseTurn(state);
        -:  677:int i;
   120000:  678:for (i = 0; i < 3; i++)
        -:  679:        {
    90000:  680:          drawCard(currentPlayer, state);
        -:  681:        }
    30000:  682:state->numActions--;
        -:  683:      //discard card from hand
    30000:  684:      discardCard(handPos, currentPlayer, state, 0);
    30000:  685:}
        -:  686:
    30000:  687:void playVillage(struct gameState *state, int handPos)
        -:  688:{
    30000:  689:int currentPlayer = whoseTurn(state);
    30000:  690:drawCard(currentPlayer, state);
    30000:  691:state->numActions = state->numActions + 1;
        -:  692://discard played card from hand
    30000:  693:discardCard(handPos, currentPlayer, state, 0);
    30000:  694:}
        -:  695:
    #####:  696:void playCouncilRoom(struct gameState *state, int handPos)
        -:  697:{
    #####:  698:int currentPlayer = whoseTurn(state);
        -:  699:int i;
    #####:  700:for (i = 0; i < 4; i++)
        -:  701:        {
    #####:  702:          drawCard(currentPlayer, state);
        -:  703:        }
        -:  704:
        -:  705://+1 Buy
    #####:  706:state->numBuys++;
    #####:  707:discardCard(handPos, currentPlayer, state, 0);
    #####:  708:state->numActions--;
    #####:  709:}
        -:  710:
    #####:  711:void playGreatHall(struct gameState *state, int handPos)
        -:  712:{
    #####:  713:int currentPlayer = whoseTurn(state);
        -:  714://draw a card
    #####:  715:drawCard(currentPlayer, state);
        -:  716:      //+1 Actions is canceled by using an action.
        -:  717://discard card from hand
    #####:  718:discardCard(handPos, currentPlayer, state, 0);
    #####:  719:}
        -:  720:
    #####:  721:int cardEffect(int card, int choice1, int choice2, int choice3, struct gameState *state, int handPos, int *bonus)
        -:  722:{
        -:  723:  int i;
        -:  724:  int j;
        -:  725:  int k;
        -:  726:  int x;
        -:  727:  int index;
    #####:  728:  int currentPlayer = whoseTurn(state);
    #####:  729:  int nextPlayer = currentPlayer + 1;
        -:  730:
    #####:  731:  int tributeRevealedCards[2] = {-1, -1};
        -:  732:  int temphand[MAX_HAND];// moved above the if statement
    #####:  733:  int drawntreasure=0;
        -:  734:  int cardDrawn;
    #####:  735:  int z = 0;// this is the counter for the temp hand
    #####:  736:  if (nextPlayer > (state->numPlayers - 1)){
    #####:  737:    nextPlayer = 0;
        -:  738:  }
        -:  739:  
        -:  740:	
        -:  741:  //uses switch to select card and perform actions
    #####:  742:  switch( card ) 
        -:  743:    {
        -:  744:    case adventurer:
    #####:  745:	playAdventurer(state);
        -:  746:      /*while(drawntreasure<2){
        -:  747:	if (state->deckCount[currentPlayer] <1){//if the deck is empty we need to shuffle discard and add to deck
        -:  748:	  shuffle(currentPlayer, state);
        -:  749:	}
        -:  750:	drawCard(currentPlayer, state);
        -:  751:	cardDrawn = state->hand[currentPlayer][state->handCount[currentPlayer]-1];//top card of hand is most recently drawn card.
        -:  752:	if (cardDrawn == copper || cardDrawn == silver || cardDrawn == gold)
        -:  753:	  drawntreasure++;
        -:  754:	else{
        -:  755:	  temphand[z]=cardDrawn;
        -:  756:	  state->handCount[currentPlayer]--; //this should just remove the top card (the most recently drawn one).
        -:  757:	  z++;
        -:  758:	}
        -:  759:      }
        -:  760:      while(z-1>=0){
        -:  761:	state->discard[currentPlayer][state->discardCount[currentPlayer]++]=temphand[z-1]; // discard all cards in play that have been drawn
        -:  762:	z=z-1;
        -:  763:      }*/
    #####:  764:      return 0;
        -:  765:			
        -:  766:    case council_room:
    #####:  767:	playCouncilRoom(state, handPos);
        -:  768:      //+4 Cards
        -:  769:      /*for (i = 0; i < 4; i++)
        -:  770:	{
        -:  771:	  drawCard(currentPlayer, state);
        -:  772:	}
        -:  773:			
        -:  774:      //+1 Buy
        -:  775:      state->numBuys++;
        -:  776:			
        -:  777:      //Each other player draws a card
        -:  778:      for (i = 0; i < state->numPlayers; i++)
        -:  779:	{
        -:  780:	  if ( i != currentPlayer )
        -:  781:	    {
        -:  782:	      drawCard(i, state);
        -:  783:	    }
        -:  784:	}
        -:  785:			
        -:  786:      //put played card in played card pile
        -:  787:      discardCard(handPos, currentPlayer, state, 0);
        -:  788:	*/		
    #####:  789:      return 0;
        -:  790:			
        -:  791:    case feast:
        -:  792:      //gain card with cost up to 5
        -:  793:      //Backup hand
    #####:  794:      for (i = 0; i <= state->handCount[currentPlayer]; i++){
    #####:  795:	temphand[i] = state->hand[currentPlayer][i];//Backup card
    #####:  796:	state->hand[currentPlayer][i] = -1;//Set to nothing
        -:  797:      }
        -:  798:      //Backup hand
        -:  799:
        -:  800:      //Update Coins for Buy
    #####:  801:      updateCoins(currentPlayer, state, 5);
    #####:  802:      x = 1;//Condition to loop on
    #####:  803:      while( x == 1) {//Buy one card
    #####:  804:	if (supplyCount(choice1, state) <= 0){
        -:  805:	  if (DEBUG)
        -:  806:	    printf("None of that card left, sorry!\n");
        -:  807:
        -:  808:	  if (DEBUG){
        -:  809:	    printf("Cards Left: %d\n", supplyCount(choice1, state));
        -:  810:	  }
        -:  811:	}
    #####:  812:	else if (state->coins < getCost(choice1)){
    #####:  813:	  printf("That card is too expensive!\n");
        -:  814:
        -:  815:	  if (DEBUG){
        -:  816:	    printf("Coins: %d < %d\n", state->coins, getCost(choice1));
        -:  817:	  }
        -:  818:	}
        -:  819:	else{
        -:  820:
        -:  821:	  if (DEBUG){
        -:  822:	    printf("Deck Count: %d\n", state->handCount[currentPlayer] + state->deckCount[currentPlayer] + state->discardCount[currentPlayer]);
        -:  823:	  }
        -:  824:
    #####:  825:	  gainCard(choice1, state, 0, currentPlayer);//Gain the card
    #####:  826:	  x = 0;//No more buying cards
        -:  827:
        -:  828:	  if (DEBUG){
        -:  829:	    printf("Deck Count: %d\n", state->handCount[currentPlayer] + state->deckCount[currentPlayer] + state->discardCount[currentPlayer]);
        -:  830:	  }
        -:  831:
        -:  832:	}
        -:  833:      }     
        -:  834:
        -:  835:      //Reset Hand
    #####:  836:      for (i = 0; i <= state->handCount[currentPlayer]; i++){
    #####:  837:	state->hand[currentPlayer][i] = temphand[i];
    #####:  838:	temphand[i] = -1;
        -:  839:      }
        -:  840:      //Reset Hand
        -:  841:      			
    #####:  842:      return 0;
        -:  843:			
        -:  844:    case gardens:
    #####:  845:      return -1;
        -:  846:			
        -:  847:    case mine:
    #####:  848:      j = state->hand[currentPlayer][choice1];  //store card we will trash
        -:  849:
    #####:  850:      if (state->hand[currentPlayer][choice1] < copper || state->hand[currentPlayer][choice1] > gold)
        -:  851:	{
    #####:  852:	  return -1;
        -:  853:	}
        -:  854:		
    #####:  855:      if (choice2 > treasure_map || choice2 < curse)
        -:  856:	{
    #####:  857:	  return -1;
        -:  858:	}
        -:  859:
    #####:  860:      if ( (getCost(state->hand[currentPlayer][choice1]) + 3) > getCost(choice2) )
        -:  861:	{
    #####:  862:	  return -1;
        -:  863:	}
        -:  864:
    #####:  865:      gainCard(choice2, state, 2, currentPlayer);
        -:  866:
        -:  867:      //discard card from hand
    #####:  868:      discardCard(handPos, currentPlayer, state, 0);
        -:  869:
        -:  870:      //discard trashed card
    #####:  871:      for (i = 0; i < state->handCount[currentPlayer]; i++)
        -:  872:	{
    #####:  873:	  if (state->hand[currentPlayer][i] == j)
        -:  874:	    {
    #####:  875:	      discardCard(i, currentPlayer, state, 0);			
    #####:  876:	      break;
        -:  877:	    }
        -:  878:	}
        -:  879:			
    #####:  880:      return 0;
        -:  881:			
        -:  882:    case remodel:
    #####:  883:      j = state->hand[currentPlayer][choice1];  //store card we will trash
        -:  884:
    #####:  885:      if ( (getCost(state->hand[currentPlayer][choice1]) + 2) > getCost(choice2) )
        -:  886:	{
    #####:  887:	  return -1;
        -:  888:	}
        -:  889:
    #####:  890:      gainCard(choice2, state, 0, currentPlayer);
        -:  891:
        -:  892:      //discard card from hand
    #####:  893:      discardCard(handPos, currentPlayer, state, 0);
        -:  894:
        -:  895:      //discard trashed card
    #####:  896:      for (i = 0; i < state->handCount[currentPlayer]; i++)
        -:  897:	{
    #####:  898:	  if (state->hand[currentPlayer][i] == j)
        -:  899:	    {
    #####:  900:	      discardCard(i, currentPlayer, state, 0);			
    #####:  901:	      break;
        -:  902:	    }
        -:  903:	}
        -:  904:
        -:  905:
    #####:  906:      return 0;
        -:  907:		
        -:  908:    case smithy:
        -:  909:      //+3 Cards
    #####:  910:      playSmithy(state, handPos);
        -:  911:      /*for (i = 0; i < 3; i++)
        -:  912:	{
        -:  913:	  drawCard(currentPlayer, state);
        -:  914:	}
        -:  915:			
        -:  916:      //discard card from hand
        -:  917:      discardCard(handPos, currentPlayer, state, 0);*/
    #####:  918:      return 0;
        -:  919:		
        -:  920:    case village:
        -:  921:      //+1 Card
    #####:  922:      playVillage(state, handPos);
        -:  923:      /*drawCard(currentPlayer, state);
        -:  924:			
        -:  925:      //+2 Actions
        -:  926:      state->numActions = state->numActions + 2;
        -:  927:			
        -:  928:      //discard played card from hand
        -:  929:      discardCard(handPos, currentPlayer, state, 0);*/
    #####:  930:      return 0;
        -:  931:		
        -:  932:    case baron:
    #####:  933:      state->numBuys++;//Increase buys by 1!
    #####:  934:      if (choice1 > 0){//Boolean true or going to discard an estate
    #####:  935:	int p = 0;//Iterator for hand!
    #####:  936:	int card_not_discarded = 1;//Flag for discard set!
    #####:  937:	while(card_not_discarded){
    #####:  938:	  if (state->hand[currentPlayer][p] == estate){//Found an estate card!
    #####:  939:	    state->coins += 4;//Add 4 coins to the amount of coins
    #####:  940:	    state->discard[currentPlayer][state->discardCount[currentPlayer]] = state->hand[currentPlayer][p];
    #####:  941:	    state->discardCount[currentPlayer]++;
    #####:  942:	    for (;p < state->handCount[currentPlayer]; p++){
    #####:  943:	      state->hand[currentPlayer][p] = state->hand[currentPlayer][p+1];
        -:  944:	    }
    #####:  945:	    state->hand[currentPlayer][state->handCount[currentPlayer]] = -1;
    #####:  946:	    state->handCount[currentPlayer]--;
    #####:  947:	    card_not_discarded = 0;//Exit the loop
        -:  948:	  }
    #####:  949:	  else if (p > state->handCount[currentPlayer]){
        -:  950:	    if(DEBUG) {
        -:  951:	      printf("No estate cards in your hand, invalid choice\n");
        -:  952:	      printf("Must gain an estate if there are any\n");
        -:  953:	    }
    #####:  954:	    if (supplyCount(estate, state) > 0){
    #####:  955:	      gainCard(estate, state, 0, currentPlayer);
    #####:  956:	      state->supplyCount[estate]--;//Decrement estates
    #####:  957:	      if (supplyCount(estate, state) == 0){
    #####:  958:		isGameOver(state);
        -:  959:	      }
        -:  960:	    }
    #####:  961:	    card_not_discarded = 0;//Exit the loop
        -:  962:	  }
        -:  963:			    
        -:  964:	  else{
    #####:  965:	    p++;//Next card
        -:  966:	  }
        -:  967:	}
        -:  968:      }
        -:  969:			    
        -:  970:      else{
    #####:  971:	if (supplyCount(estate, state) > 0){
    #####:  972:	  gainCard(estate, state, 0, currentPlayer);//Gain an estate
    #####:  973:	  state->supplyCount[estate]--;//Decrement Estates
    #####:  974:	  if (supplyCount(estate, state) == 0){
    #####:  975:	    isGameOver(state);
        -:  976:	  }
        -:  977:	}
        -:  978:      }
        -:  979:	    
        -:  980:      
    #####:  981:      return 0;
        -:  982:		
        -:  983:    case great_hall:
    #####:  984:	playGreatHall(state, handPos);
        -:  985:      //+1 Card
        -:  986:      /*drawCard(currentPlayer, state);
        -:  987:			
        -:  988:      //+1 Actions
        -:  989:      state->numActions++;
        -:  990:			
        -:  991:      //discard card from hand
        -:  992:      discardCard(handPos, currentPlayer, state, 0);*/
    #####:  993:      return 0;
        -:  994:		
        -:  995:    case minion:
        -:  996:      //+1 action
    #####:  997:      state->numActions++;
        -:  998:			
        -:  999:      //discard card from hand
    #####: 1000:      discardCard(handPos, currentPlayer, state, 0);
        -: 1001:			
    #####: 1002:      if (choice1)		//+2 coins
        -: 1003:	{
    #####: 1004:	  state->coins = state->coins + 2;
        -: 1005:	}
        -: 1006:			
    #####: 1007:      else if (choice2)		//discard hand, redraw 4, other players with 5+ cards discard hand and draw 4
        -: 1008:	{
        -: 1009:	  //discard hand
    #####: 1010:	  while(numHandCards(state) > 0)
        -: 1011:	    {
    #####: 1012:	      discardCard(handPos, currentPlayer, state, 0);
        -: 1013:	    }
        -: 1014:				
        -: 1015:	  //draw 4
    #####: 1016:	  for (i = 0; i < 4; i++)
        -: 1017:	    {
    #####: 1018:	      drawCard(currentPlayer, state);
        -: 1019:	    }
        -: 1020:				
        -: 1021:	  //other players discard hand and redraw if hand size > 4
    #####: 1022:	  for (i = 0; i < state->numPlayers; i++)
        -: 1023:	    {
    #####: 1024:	      if (i != currentPlayer)
        -: 1025:		{
    #####: 1026:		  if ( state->handCount[i] > 4 )
        -: 1027:		    {
        -: 1028:		      //discard hand
    #####: 1029:		      while( state->handCount[i] > 0 )
        -: 1030:			{
    #####: 1031:			  discardCard(handPos, i, state, 0);
        -: 1032:			}
        -: 1033:							
        -: 1034:		      //draw 4
    #####: 1035:		      for (j = 0; j < 4; j++)
        -: 1036:			{
    #####: 1037:			  drawCard(i, state);
        -: 1038:			}
        -: 1039:		    }
        -: 1040:		}
        -: 1041:	    }
        -: 1042:				
        -: 1043:	}
    #####: 1044:      return 0;
        -: 1045:		
        -: 1046:    case steward:
    #####: 1047:      if (choice1 == 1)
        -: 1048:	{
        -: 1049:	  //+2 cards
    #####: 1050:	  drawCard(currentPlayer, state);
    #####: 1051:	  drawCard(currentPlayer, state);
        -: 1052:	}
    #####: 1053:      else if (choice1 == 2)
        -: 1054:	{
        -: 1055:	  //+2 coins
    #####: 1056:	  state->coins = state->coins + 2;
        -: 1057:	}
        -: 1058:      else
        -: 1059:	{
        -: 1060:	  //trash 2 cards in hand
    #####: 1061:	  discardCard(choice2, currentPlayer, state, 1);
    #####: 1062:	  discardCard(choice3, currentPlayer, state, 1);
        -: 1063:	}
        -: 1064:			
        -: 1065:      //discard card from hand
    #####: 1066:      discardCard(handPos, currentPlayer, state, 0);
    #####: 1067:      return 0;
        -: 1068:		
        -: 1069:    case tribute:
    #####: 1070:      if ((state->discardCount[nextPlayer] + state->deckCount[nextPlayer]) <= 1){
    #####: 1071:	if (state->deckCount[nextPlayer] > 0){
    #####: 1072:	  tributeRevealedCards[0] = state->deck[nextPlayer][state->deckCount[nextPlayer]-1];
    #####: 1073:	  state->deckCount[nextPlayer]--;
        -: 1074:	}
    #####: 1075:	else if (state->discardCount[nextPlayer] > 0){
    #####: 1076:	  tributeRevealedCards[0] = state->discard[nextPlayer][state->discardCount[nextPlayer]-1];
    #####: 1077:	  state->discardCount[nextPlayer]--;
        -: 1078:	}
        -: 1079:	else{
        -: 1080:	  //No Card to Reveal
        -: 1081:	  if (DEBUG){
        -: 1082:	    printf("No cards to reveal\n");
        -: 1083:	  }
        -: 1084:	}
        -: 1085:      }
        -: 1086:	    
        -: 1087:      else{
    #####: 1088:	if (state->deckCount[nextPlayer] == 0){
    #####: 1089:	  for (i = 0; i < state->discardCount[nextPlayer]; i++){
    #####: 1090:	    state->deck[nextPlayer][i] = state->discard[nextPlayer][i];//Move to deck
    #####: 1091:	    state->deckCount[nextPlayer]++;
    #####: 1092:	    state->discard[nextPlayer][i] = -1;
    #####: 1093:	    state->discardCount[nextPlayer]--;
        -: 1094:	  }
        -: 1095:			    
    #####: 1096:	  shuffle(nextPlayer,state);//Shuffle the deck
        -: 1097:	} 
    #####: 1098:	tributeRevealedCards[0] = state->deck[nextPlayer][state->deckCount[nextPlayer]-1];
    #####: 1099:	state->deck[nextPlayer][state->deckCount[nextPlayer]--] = -1;
    #####: 1100:	state->deckCount[nextPlayer]--;
    #####: 1101:	tributeRevealedCards[1] = state->deck[nextPlayer][state->deckCount[nextPlayer]-1];
    #####: 1102:	state->deck[nextPlayer][state->deckCount[nextPlayer]--] = -1;
    #####: 1103:	state->deckCount[nextPlayer]--;
        -: 1104:      }    
        -: 1105:		       
    #####: 1106:      if (tributeRevealedCards[0] == tributeRevealedCards[1]){//If we have a duplicate card, just drop one 
    #####: 1107:	state->playedCards[state->playedCardCount] = tributeRevealedCards[1];
    #####: 1108:	state->playedCardCount++;
    #####: 1109:	tributeRevealedCards[1] = -1;
        -: 1110:      }
        -: 1111:
    #####: 1112:      for (i = 0; i <= 2; i ++){
    #####: 1113:	if (tributeRevealedCards[i] == copper || tributeRevealedCards[i] == silver || tributeRevealedCards[i] == gold){//Treasure cards
    #####: 1114:	  state->coins += 2;
        -: 1115:	}
        -: 1116:		    
    #####: 1117:	else if (tributeRevealedCards[i] == estate || tributeRevealedCards[i] == duchy || tributeRevealedCards[i] == province || tributeRevealedCards[i] == gardens || tributeRevealedCards[i] == great_hall){//Victory Card Found
    #####: 1118:	  drawCard(currentPlayer, state);
    #####: 1119:	  drawCard(currentPlayer, state);
        -: 1120:	}
        -: 1121:	else{//Action Card
    #####: 1122:	  state->numActions = state->numActions + 2;
        -: 1123:	}
        -: 1124:      }
        -: 1125:	    
    #####: 1126:      return 0;
        -: 1127:		
        -: 1128:    case ambassador:
    #####: 1129:      j = 0;		//used to check if player has enough cards to discard
        -: 1130:
    #####: 1131:      if (choice2 > 2 || choice2 < 0)
        -: 1132:	{
    #####: 1133:	  return -1;				
        -: 1134:	}
        -: 1135:
    #####: 1136:      if (choice1 == handPos)
        -: 1137:	{
    #####: 1138:	  return -1;
        -: 1139:	}
        -: 1140:
    #####: 1141:      for (i = 0; i < state->handCount[currentPlayer]; i++)
        -: 1142:	{
    #####: 1143:	  if (i != handPos && i == state->hand[currentPlayer][choice1] && i != choice1)
        -: 1144:	    {
    #####: 1145:	      j++;
        -: 1146:	    }
        -: 1147:	}
    #####: 1148:      if (j < choice2)
        -: 1149:	{
    #####: 1150:	  return -1;				
        -: 1151:	}
        -: 1152:
        -: 1153:      if (DEBUG) 
        -: 1154:	printf("Player %d reveals card number: %d\n", currentPlayer, state->hand[currentPlayer][choice1]);
        -: 1155:
        -: 1156:      //increase supply count for choosen card by amount being discarded
    #####: 1157:      state->supplyCount[state->hand[currentPlayer][choice1]] += choice2;
        -: 1158:			
        -: 1159:      //each other player gains a copy of revealed card
    #####: 1160:      for (i = 0; i < state->numPlayers; i++)
        -: 1161:	{
    #####: 1162:	  if (i != currentPlayer)
        -: 1163:	    {
    #####: 1164:	      gainCard(state->hand[currentPlayer][choice1], state, 0, i);
        -: 1165:	    }
        -: 1166:	}
        -: 1167:
        -: 1168:      //discard played card from hand
    #####: 1169:      discardCard(handPos, currentPlayer, state, 0);			
        -: 1170:
        -: 1171:      //trash copies of cards returned to supply
    #####: 1172:      for (j = 0; j < choice2; j++)
        -: 1173:	{
    #####: 1174:	  for (i = 0; i < state->handCount[currentPlayer]; i++)
        -: 1175:	    {
    #####: 1176:	      if (state->hand[currentPlayer][i] == state->hand[currentPlayer][choice1])
        -: 1177:		{
    #####: 1178:		  discardCard(i, currentPlayer, state, 1);
    #####: 1179:		  break;
        -: 1180:		}
        -: 1181:	    }
        -: 1182:	}			
        -: 1183:
    #####: 1184:      return 0;
        -: 1185:		
        -: 1186:    case cutpurse:
        -: 1187:
    #####: 1188:      updateCoins(currentPlayer, state, 2);
    #####: 1189:      for (i = 0; i < state->numPlayers; i++)
        -: 1190:	{
    #####: 1191:	  if (i != currentPlayer)
        -: 1192:	    {
    #####: 1193:	      for (j = 0; j < state->handCount[i]; j++)
        -: 1194:		{
    #####: 1195:		  if (state->hand[i][j] == copper)
        -: 1196:		    {
    #####: 1197:		      discardCard(j, i, state, 0);
    #####: 1198:		      break;
        -: 1199:		    }
    #####: 1200:		  if (j == state->handCount[i])
        -: 1201:		    {
    #####: 1202:		      for (k = 0; k < state->handCount[i]; k++)
        -: 1203:			{
        -: 1204:			  if (DEBUG)
        -: 1205:			    printf("Player %d reveals card number %d\n", i, state->hand[i][k]);
        -: 1206:			}	
    #####: 1207:		      break;
        -: 1208:		    }		
        -: 1209:		}
        -: 1210:					
        -: 1211:	    }
        -: 1212:				
        -: 1213:	}				
        -: 1214:
        -: 1215:      //discard played card from hand
    #####: 1216:      discardCard(handPos, currentPlayer, state, 0);			
        -: 1217:
    #####: 1218:      return 0;
        -: 1219:
        -: 1220:		
        -: 1221:    case embargo: 
        -: 1222:      //+2 Coins
    #####: 1223:      state->coins = state->coins + 2;
        -: 1224:			
        -: 1225:      //see if selected pile is in play
    #####: 1226:      if ( state->supplyCount[choice1] == -1 )
        -: 1227:	{
    #####: 1228:	  return -1;
        -: 1229:	}
        -: 1230:			
        -: 1231:      //add embargo token to selected supply pile
    #####: 1232:      state->embargoTokens[choice1]++;
        -: 1233:			
        -: 1234:      //trash card
    #####: 1235:      discardCard(handPos, currentPlayer, state, 1);		
    #####: 1236:      return 0;
        -: 1237:		
        -: 1238:    case outpost:
        -: 1239:      //set outpost flag
    #####: 1240:      state->outpostPlayed++;
        -: 1241:			
        -: 1242:      //discard card
    #####: 1243:      discardCard(handPos, currentPlayer, state, 0);
    #####: 1244:      return 0;
        -: 1245:		
        -: 1246:    case salvager:
        -: 1247:      //+1 buy
    #####: 1248:      state->numBuys++;
        -: 1249:			
    #####: 1250:      if (choice1)
        -: 1251:	{
        -: 1252:	  //gain coins equal to trashed card
    #####: 1253:	  state->coins = state->coins + getCost( handCard(choice1, state) );
        -: 1254:	  //trash card
    #####: 1255:	  discardCard(choice1, currentPlayer, state, 1);	
        -: 1256:	}
        -: 1257:			
        -: 1258:      //discard card
    #####: 1259:      discardCard(handPos, currentPlayer, state, 0);
    #####: 1260:      return 0;
        -: 1261:		
        -: 1262:    case sea_hag:
    #####: 1263:      for (i = 0; i < state->numPlayers; i++){
    #####: 1264:	if (i != currentPlayer){
    #####: 1265:	  state->discard[i][state->discardCount[i]] = state->deck[i][state->deckCount[i]--];			    state->deckCount[i]--;
    #####: 1266:	  state->discardCount[i]++;
    #####: 1267:	  state->deck[i][state->deckCount[i]--] = curse;//Top card now a curse
        -: 1268:	}
        -: 1269:      }
    #####: 1270:      return 0;
        -: 1271:		
        -: 1272:    case treasure_map:
        -: 1273:      //search hand for another treasure_map
    #####: 1274:      index = -1;
    #####: 1275:      for (i = 0; i < state->handCount[currentPlayer]; i++)
        -: 1276:	{
    #####: 1277:	  if (state->hand[currentPlayer][i] == treasure_map && i != handPos)
        -: 1278:	    {
    #####: 1279:	      index = i;
    #####: 1280:	      break;
        -: 1281:	    }
        -: 1282:	}
    #####: 1283:      if (index > -1)
        -: 1284:	{
        -: 1285:	  //trash both treasure cards
    #####: 1286:	  discardCard(handPos, currentPlayer, state, 1);
    #####: 1287:	  discardCard(index, currentPlayer, state, 1);
        -: 1288:
        -: 1289:	  //gain 4 Gold cards
    #####: 1290:	  for (i = 0; i < 4; i++)
        -: 1291:	    {
    #####: 1292:	      gainCard(gold, state, 1, currentPlayer);
        -: 1293:	    }
        -: 1294:				
        -: 1295:	  //return success
    #####: 1296:	  return 1;
        -: 1297:	}
        -: 1298:			
        -: 1299:      //no second treasure_map found in hand
    #####: 1300:      return -1;
        -: 1301:    }
        -: 1302:	
    #####: 1303:  return -1;
        -: 1304:}
        -: 1305:
    60000: 1306:int discardCard(int handPos, int currentPlayer, struct gameState *state, int trashFlag)
        -: 1307:{
        -: 1308:	
        -: 1309:  //if card is not trashed, added to Played pile 
    60000: 1310:  if (trashFlag < 1)
        -: 1311:    {
        -: 1312:      //add card to played pile
    60000: 1313:      state->playedCards[state->playedCardCount] = state->hand[currentPlayer][handPos]; 
    60000: 1314:      state->playedCardCount++;
        -: 1315:    }
        -: 1316:	
        -: 1317:  //set played card to -1
    60000: 1318:  state->hand[currentPlayer][handPos] = -1;
        -: 1319:	
        -: 1320:  //remove card from player's hand
    60000: 1321:  if ( handPos == (state->handCount[currentPlayer] - 1) ) 	//last card in hand array is played
        -: 1322:    {
        -: 1323:      //reduce number of cards in hand
       61: 1324:      state->handCount[currentPlayer]--;
        -: 1325:    }
    59939: 1326:  else if ( state->handCount[currentPlayer] == 1 ) //only one card in hand
        -: 1327:    {
        -: 1328:      //reduce number of cards in hand
    #####: 1329:      state->handCount[currentPlayer]--;
        -: 1330:    }
        -: 1331:  else 	
        -: 1332:    {
        -: 1333:      //replace discarded card with last card in hand
    59939: 1334:      state->hand[currentPlayer][handPos] = state->hand[currentPlayer][ (state->handCount[currentPlayer] - 1)];
        -: 1335:      //set last card to -1
    59939: 1336:      state->hand[currentPlayer][state->handCount[currentPlayer] - 1] = -1;
        -: 1337:      //reduce number of cards in hand
    59939: 1338:      state->handCount[currentPlayer]--;
        -: 1339:    }
        -: 1340:	
    60000: 1341:  return 0;
        -: 1342:}
        -: 1343:
    #####: 1344:int gainCard(int supplyPos, struct gameState *state, int toFlag, int player)
        -: 1345:{
        -: 1346:  //Note: supplyPos is enum of choosen card
        -: 1347:	
        -: 1348:  //check if supply pile is empty (0) or card is not used in game (-1)
    #####: 1349:  if ( supplyCount(supplyPos, state) < 1 )
        -: 1350:    {
    #####: 1351:      return -1;
        -: 1352:    }
        -: 1353:	
        -: 1354:  //added card for [whoseTurn] current player:
        -: 1355:  // toFlag = 0 : add to discard
        -: 1356:  // toFlag = 1 : add to deck
        -: 1357:  // toFlag = 2 : add to hand
        -: 1358:
    #####: 1359:  if (toFlag == 1)
        -: 1360:    {
    #####: 1361:      state->deck[ player ][ state->deckCount[player] ] = supplyPos;
    #####: 1362:      state->deckCount[player]++;
        -: 1363:    }
    #####: 1364:  else if (toFlag == 2)
        -: 1365:    {
    #####: 1366:      state->hand[ player ][ state->handCount[player] ] = supplyPos;
    #####: 1367:      state->handCount[player]++;
        -: 1368:    }
        -: 1369:  else
        -: 1370:    {
    #####: 1371:      state->discard[player][ state->discardCount[player] ] = supplyPos;
    #####: 1372:      state->discardCount[player]++;
        -: 1373:    }
        -: 1374:	
        -: 1375:  //decrease number in supply pile
    #####: 1376:  state->supplyCount[supplyPos]--;
        -: 1377:	 
    #####: 1378:  return 0;
        -: 1379:}
        -: 1380:
    80000: 1381:int updateCoins(int player, struct gameState *state, int bonus)
        -: 1382:{
        -: 1383:  int i;
        -: 1384:	
        -: 1385:  //reset coin count
    80000: 1386:  state->coins = 0;
        -: 1387:
        -: 1388:  //add coins for each Treasure card in player's hand
   480000: 1389:  for (i = 0; i < state->handCount[player]; i++)
        -: 1390:    {
   400000: 1391:      if (state->hand[player][i] == copper)
        -: 1392:	{
   279929: 1393:	  state->coins += 1;
        -: 1394:	}
   120071: 1395:      else if (state->hand[player][i] == silver)
        -: 1396:	{
    #####: 1397:	  state->coins += 2;
        -: 1398:	}
   120071: 1399:      else if (state->hand[player][i] == gold)
        -: 1400:	{
    #####: 1401:	  state->coins += 3;
        -: 1402:	}	
        -: 1403:    }	
        -: 1404:
        -: 1405:  //add bonus
    80000: 1406:  state->coins += bonus;
        -: 1407:
    80000: 1408:  return 0;
        -: 1409:}
        -: 1410:
        -: 1411:
        -: 1412://end of dominion.c
        -: 1413:
